<?xml version="1.0" encoding="UTF-8"?>
<!-- Generated by org.testng.reporters.JUnitReportReporter -->
<testsuite hostname="DESKTOP-76S6KTJ" failures="0" tests="1" name="TestAssuredTest.PUT_Request" time="5.614" errors="0" timestamp="2024-08-29T14:38:27 IST" skipped="0">
  <testcase classname="TestAssuredTest.PUT_Request" name="testPut" time="5.614"/>
</testsuite> <!-- TestAssuredTest.PUT_Request -->
