<?xml version="1.0" encoding="UTF-8"?>
<!-- Generated by org.testng.reporters.JUnitReportReporter -->
<testsuite hostname="DESKTOP-76S6KTJ" failures="0" tests="2" name="Auth.Authorization" time="9.977" errors="0" timestamp="2024-08-28T11:47:18 IST" skipped="0">
  <testcase classname="Auth.Authorization" name="Author" time="7.170"/>
  <testcase classname="Auth.Authorization" name="DigestAuth" time="2.807"/>
</testsuite> <!-- Auth.Authorization -->
