<?xml version="1.0" encoding="UTF-8"?>
<!-- Generated by org.testng.reporters.JUnitReportReporter -->
<testsuite hostname="DESKTOP-76S6KTJ" failures="0" tests="6" name="RestAssured.RestAssured.FirstGetRequest" time="9.415" errors="0" timestamp="2024-08-28T11:51:01 IST" skipped="0">
  <testcase classname="RestAssured.RestAssured.FirstGetRequest" name="Gettestcase02" time="0.472"/>
  <testcase classname="RestAssured.RestAssured.FirstGetRequest" name="Puttestcase04" time="1.031"/>
  <testcase classname="RestAssured.RestAssured.FirstGetRequest" name="testcase01" time="0.520"/>
  <testcase classname="RestAssured.RestAssured.FirstGetRequest" name="Patchtestcase05" time="0.800"/>
  <testcase classname="RestAssured.RestAssured.FirstGetRequest" name="Deletetestcase06" time="5.825"/>
  <testcase classname="RestAssured.RestAssured.FirstGetRequest" name="Posttestcase03" time="0.767"/>
</testsuite> <!-- RestAssured.RestAssured.FirstGetRequest -->
