<?xml version="1.0" encoding="UTF-8"?>
<!-- Generated by org.testng.reporters.JUnitReportReporter -->
<testsuite hostname="DESKTOP-76S6KTJ" failures="0" tests="3" name="ValidateHTTPResponsesCode.ValidateHTTPResponse" time="7.280" errors="0" timestamp="2024-08-14T17:00:57 IST" skipped="2">
  <testcase classname="ValidateHTTPResponsesCode.ValidateHTTPResponse" name="GetSingleUser_BDD" time="7.280"/>
  <testcase classname="ValidateHTTPResponsesCode.ValidateHTTPResponse" name="GetSingleUser">
    <skipped/>
  </testcase> <!-- GetSingleUser -->
  <testcase classname="ValidateHTTPResponsesCode.ValidateHTTPResponse" name="GetSingleUserValidabledResponse">
    <skipped/>
  </testcase> <!-- GetSingleUserValidabledResponse -->
</testsuite> <!-- ValidateHTTPResponsesCode.ValidateHTTPResponse -->
