<?xml version="1.0" encoding="UTF-8"?>
<!-- Generated by org.testng.reporters.JUnitReportReporter -->
<testsuite hostname="DESKTOP-76S6KTJ" failures="0" tests="1" name="AddHeaders.AddHeader" time="8.378" errors="0" timestamp="2024-08-28T11:46:45 IST" skipped="0">
  <testcase classname="AddHeaders.AddHeader" name="testMethod" time="8.378"/>
</testsuite> <!-- AddHeaders.AddHeader -->
