<?xml version="1.0" encoding="UTF-8"?>
<!-- Generated by org.testng.reporters.JUnitReportReporter -->
<testsuite hostname="DESKTOP-76S6KTJ" failures="0" tests="1" name="TestAssuredTest.RestAssuredBDDFramework" time="12.521" errors="0" timestamp="2024-08-28T12:52:04 IST" skipped="0">
  <testcase classname="TestAssuredTest.RestAssuredBDDFramework" name="getweatherdetails" time="12.521"/>
</testsuite> <!-- TestAssuredTest.RestAssuredBDDFramework -->
