<?xml version="1.0" encoding="UTF-8"?>
<!-- Generated by org.testng.reporters.JUnitReportReporter -->
<testsuite hostname="DESKTOP-76S6KTJ" failures="0" tests="1" name="ValidateHTTPResponsesCode.ValidateResponseHeader" time="5.116" errors="0" timestamp="2024-08-15T11:33:35 IST" skipped="0">
  <testcase classname="ValidateHTTPResponsesCode.ValidateResponseHeader" name="GetSingleUser" time="5.116"/>
</testsuite> <!-- ValidateHTTPResponsesCode.ValidateResponseHeader -->
