<?xml version="1.0" encoding="UTF-8"?>
<!-- Generated by org.testng.reporters.JUnitReportReporter -->
<testsuite hostname="DESKTOP-76S6KTJ" failures="0" tests="1" name="ValidateHTTPResponsesCode.ValidatePathParameter" time="6.915" errors="0" timestamp="2024-08-15T14:31:36 IST" skipped="0">
  <testcase classname="ValidateHTTPResponsesCode.ValidatePathParameter" name="PathPharaeter" time="6.915"/>
</testsuite> <!-- ValidateHTTPResponsesCode.ValidatePathParameter -->
