<?xml version="1.0" encoding="UTF-8"?>
<!-- Generated by org.testng.reporters.JUnitReportReporter -->
<testsuite hostname="DESKTOP-76S6KTJ" failures="0" tests="1" name="ValidateHTTPResponsesCode.ValidateJSONBody" time="7.344" errors="0" timestamp="2024-08-15T12:33:42 IST" skipped="0">
  <testcase classname="ValidateHTTPResponsesCode.ValidateJSONBody" name="ValidateJsonBody" time="7.344"/>
</testsuite> <!-- ValidateHTTPResponsesCode.ValidateJSONBody -->
